120.09.20 01:55 B T:\WS_FTP\test1\10.09.14_Horse_ride_HDV_720p.jpg <-- home.dimonius.ru /Inflates/The_SaD/Video 10.09.14_Horse_ride_HDV_720p.jpg
120.09.20 01:55 B T:\WS_FTP\test1\12.05.27_IWde_orca_(HDV_720).jpg <-- home.dimonius.ru /Inflates/The_SaD/Video 12.05.27_IWde_orca_(HDV_720).jpg
120.09.20 01:55 B T:\WS_FTP\test1\12.05.27_IWde_orca_(HDV_720).jpg --> home.dimonius.ru /Inflates/The_SaD/Video 12.05.27_IWde_orca_(HDV_720).jpg
120.09.20 01:55 B T:\WS_FTP\test1\12.05.27_IWde_orca_(HDV_720).jpg --> home.dimonius.ru /Inflates/The_SaD/Video 12.05.27_IWde_orca_(HDV_720).jpg
120.09.20 01:56 B T:\WS_FTP\test1\07.04.17_PopFest.jpg <-- home.dimonius.ru /Inflates/The_SaD/Video 07.04.17_PopFest.jpg
120.09.20 01:57 B T:\WS_FTP\test1\09.02.06_Purple_ride_and_cum.jpg <-- home.dimonius.ru /Inflates/The_SaD/Video 09.02.06_Purple_ride_and_cum.jpg
120.09.20 01:58 B T:\WS_FTP\test1\10.09.14_Horse_ride_HDV_720p.avi <-- home.dimonius.ru /Inflates/The_SaD/Video 10.09.14_Horse_ride_HDV_720p.avi
120.09.20 02:02 B T:\WS_FTP\test1\12.05.27_IWde_orca_(HDV_720).avi <-- home.dimonius.ru /Inflates/The_SaD/Video 12.05.27_IWde_orca_(HDV_720).avi
120.09.20 02:05 B T:\WS_FTP\test1\2007-07-30_MX_Hugging_Big_Balloons_conv.flv <-- home.dimonius.ru /ForUpload/Inflatables/MrMotoX 2007-07-30_MX_Hugging_Big_Balloons_conv.flv
120.09.20 02:05 B T:\WS_FTP\test1\2008-03-22_MX_Killer_Whale_Destruction_conv.flv <-- home.dimonius.ru /ForUpload/Inflatables/MrMotoX 2008-03-22_MX_Killer_Whale_Destruction_conv.flv
120.09.20 02:06 B T:\WS_FTP\test1\2008-07-22_mx_08_Intex_Orca_Bust_conv.flv <-- home.dimonius.ru /ForUpload/Inflatables/MrMotoX 2008-07-22_mx_08_Intex_Orca_Bust_conv.flv
120.09.20 02:06 B T:\WS_FTP\test1\2008-10-06_MX_Balloons_blue_whale_spidey_beach_ball_conv.flv <-- home.dimonius.ru /ForUpload/Inflatables/MrMotoX 2008-10-06_MX_Balloons_blue_whale_spidey_beach_ball_conv.flv
120.09.20 02:07 B T:\WS_FTP\test1\2008-11-22_SportBike_Tiger_inflatable_bust_conv.flv <-- home.dimonius.ru /ForUpload/Inflatables/MrMotoX 2008-11-22_SportBike_Tiger_inflatable_bust_conv.flv
120.09.20 02:08 B T:\WS_FTP\test1\2009-08-02_MX_Messy_Inflatables_garage__conv.flv <-- home.dimonius.ru /ForUpload/Inflatables/MrMotoX 2009-08-02_MX_Messy_Inflatables_garage__conv.flv
120.09.20 02:10 B T:\WS_FTP\test1\2010-02-21_Sea_Lions_Pt_1_conv.flv <-- home.dimonius.ru /ForUpload/Inflatables/MrMotoX 2010-02-21_Sea_Lions_Pt_1_conv.flv
120.09.20 02:11 B T:\WS_FTP\test1\2010-02-28_Sea_Lions_Pt_2_conv.flv <-- home.dimonius.ru /ForUpload/Inflatables/MrMotoX 2010-02-28_Sea_Lions_Pt_2_conv.flv
120.09.20 02:13 B T:\WS_FTP\test1\2010-03-23_Fish_Hunter_conv.flv <-- home.dimonius.ru /ForUpload/Inflatables/MrMotoX 2010-03-23_Fish_Hunter_conv.flv
120.09.20 02:14 B T:\WS_FTP\test1\2010-04-07_MX_Pump-to-pop_whales_conv.flv <-- home.dimonius.ru /ForUpload/Inflatables/MrMotoX 2010-04-07_MX_Pump-to-pop_whales_conv.flv
120.09.20 02:15 B T:\WS_FTP\test1\2012-06-23_IW.de_Whale_Ride-to-Pop_0001_640x480-1.flv <-- home.dimonius.ru /ForUpload/Inflatables/MrMotoX 2012-06-23_IW.de_Whale_Ride-to-Pop_0001_640x480-1.flv
120.09.20 02:16 B T:\WS_FTP\test1\2012-06-23_IW.de_Whale_Ride-to-Pop_0001_640x480.flv <-- home.dimonius.ru /ForUpload/Inflatables/MrMotoX 2012-06-23_IW.de_Whale_Ride-to-Pop_0001_640x480.flv
120.09.20 02:18 B T:\WS_FTP\test1\2012-11-11_Birthday_2012_Whales_5_way_640x480.flv <-- home.dimonius.ru /ForUpload/Inflatables/MrMotoX 2012-11-11_Birthday_2012_Whales_5_way_640x480.flv
120.09.20 02:19 B T:\WS_FTP\test1\2012-11-18_Birthday_2012_Mass_Balloon_Pop_720x480.flv <-- home.dimonius.ru /ForUpload/Inflatables/MrMotoX 2012-11-18_Birthday_2012_Mass_Balloon_Pop_720x480.flv
120.09.20 02:26 B T:\WS_FTP\test1\Toy-A-Week #21 Wet MX Rider vs Intex Dolphin « Mr. MotoX.mp4 <-- home.dimonius.ru /ForUpload/Inflatables/MrMotoX Toy-A-Week #21 Wet MX Rider vs Intex Dolphin « Mr. MotoX.mp4
120.09.20 02:29 B T:\WS_FTP\test1\Rode on the unicorn with Shanzine  MydirtyHobby.mp4 <-- home.dimonius.ru /ForUpload/Inflatables/igor Rode on the unicorn with Shanzine  MydirtyHobby.mp4
120.09.20 02:30 B T:\WS_FTP\test1\sm195b.wmv <-- home.dimonius.ru /ForUpload/Inflatables/igor sm195b.wmv
120.09.20 02:31 B T:\WS_FTP\test1\Sex with the PVC unicorn with Shanzine  MydirtyHobby.mp4 <-- home.dimonius.ru /ForUpload/Inflatables/igor Sex with the PVC unicorn with Shanzine  MydirtyHobby.mp4
